2025-05-11 18:54:15.067 | INFO     | __main__:<module>:13 - Configuration loaded:
2025-05-11 18:54:15.089 | INFO     | __main__:<module>:14 - !!python/object:mlops_course.config.ProjectConfig
__dict__:
  cat_features:
  - type_of_meal_plan
  - required_car_parking_space
  - room_type_reserved
  - market_segment_type
  - repeated_guest
  - booking_status
  catalog_name: mlops_dev
  dataset_name: hotel_reservations
  num_features:
  - no_of_adults
  - no_of_children
  - no_of_weekend_nights
  - no_of_week_nights
  - lead_time
  - arrival_year
  - arrival_month
  - arrival_date
  - no_of_previous_cancellations
  - no_of_previous_bookings_not_canceled
  - avg_price_per_room
  - no_of_special_requests
  parameters:
    learning_date: 0.001
    max_depth: 3
    n_estimators: 1000
  schema_name: cpablosr
  target: booking_status
__pydantic_extra__: null
__pydantic_fields_set__: !!set
  cat_features: null
  catalog_name: null
  dataset_name: null
  num_features: null
  parameters: null
  schema_name: null
  target: null
__pydantic_private__: null

2025-05-11 19:12:12.725 | INFO     | __main__:<module>:13 - Configuration loaded:
2025-05-11 19:12:12.726 | INFO     | __main__:<module>:14 - !!python/object:mlops_course.config.ProjectConfig
__dict__:
  cat_features:
  - type_of_meal_plan
  - required_car_parking_space
  - room_type_reserved
  - market_segment_type
  - repeated_guest
  - booking_status
  catalog_name: mlops_dev
  dataset_name: hotel_reservations
  num_features:
  - no_of_adults
  - no_of_children
  - no_of_weekend_nights
  - no_of_week_nights
  - lead_time
  - arrival_year
  - arrival_month
  - arrival_date
  - no_of_previous_cancellations
  - no_of_previous_bookings_not_canceled
  - avg_price_per_room
  - no_of_special_requests
  parameters:
    learning_date: 0.001
    max_depth: 3
    n_estimators: 1000
  schema_name: cpablosr
  target: booking_status
__pydantic_extra__: null
__pydantic_fields_set__: !!set
  cat_features: null
  catalog_name: null
  dataset_name: null
  num_features: null
  parameters: null
  schema_name: null
  target: null
__pydantic_private__: null

2025-05-11 19:14:59.580 | INFO     | __main__:<module>:13 - Configuration loaded:
2025-05-11 19:14:59.582 | INFO     | __main__:<module>:14 - !!python/object:mlops_course.config.ProjectConfig
__dict__:
  cat_features:
  - type_of_meal_plan
  - required_car_parking_space
  - room_type_reserved
  - market_segment_type
  - repeated_guest
  - booking_status
  catalog_name: mlops_dev
  dataset_name: hotel_reservations
  num_features:
  - no_of_adults
  - no_of_children
  - no_of_weekend_nights
  - no_of_week_nights
  - lead_time
  - arrival_year
  - arrival_month
  - arrival_date
  - no_of_previous_cancellations
  - no_of_previous_bookings_not_canceled
  - avg_price_per_room
  - no_of_special_requests
  parameters:
    learning_date: 0.001
    max_depth: 3
    n_estimators: 1000
  schema_name: cpablosr
  target_feature: booking_status
__pydantic_extra__: null
__pydantic_fields_set__: !!set
  cat_features: null
  catalog_name: null
  dataset_name: null
  num_features: null
  parameters: null
  schema_name: null
  target_feature: null
__pydantic_private__: null

2025-05-11 19:16:20.729 | INFO     | __main__:<module>:13 - Configuration loaded:
2025-05-11 19:16:20.731 | INFO     | __main__:<module>:14 - !!python/object:mlops_course.config.ProjectConfig
__dict__:
  cat_features:
  - type_of_meal_plan
  - required_car_parking_space
  - room_type_reserved
  - market_segment_type
  - repeated_guest
  - booking_status
  catalog_name: mlops_dev
  dataset_name: hotel_reservations
  num_features:
  - no_of_adults
  - no_of_children
  - no_of_weekend_nights
  - no_of_week_nights
  - lead_time
  - arrival_year
  - arrival_month
  - arrival_date
  - no_of_previous_cancellations
  - no_of_previous_bookings_not_canceled
  - avg_price_per_room
  - no_of_special_requests
  parameters:
    learning_date: 0.001
    max_depth: 3
    n_estimators: 1000
  schema_name: cpablosr
  target_feature: booking_status
__pydantic_extra__: null
__pydantic_fields_set__: !!set
  cat_features: null
  catalog_name: null
  dataset_name: null
  num_features: null
  parameters: null
  schema_name: null
  target_feature: null
__pydantic_private__: null

2025-05-11 19:16:34.025 | INFO     | __main__:<module>:8 - Data preprocessing took: Elapsed time: 0.1541 seconds
2025-05-11 19:18:19.963 | INFO     | __main__:<module>:2 - Training set shape: %s
2025-05-11 19:18:19.964 | INFO     | __main__:<module>:3 - Test set shape: %s
2025-05-11 19:23:28.350 | INFO     | __main__:<module>:2 - Training set shape: (29020, 19)
2025-05-11 19:23:28.351 | INFO     | __main__:<module>:3 - Test set shape: (7255, 19)
2025-05-11 19:24:14.072 | INFO     | __main__:<module>:2 - Saving data to catalog
2025-05-11 19:27:01.524 | INFO     | __main__:<module>:13 - Configuration loaded:
2025-05-11 19:27:01.525 | INFO     | __main__:<module>:14 - !!python/object:mlops_course.config.ProjectConfig
__dict__:
  cat_features:
  - type_of_meal_plan
  - required_car_parking_space
  - room_type_reserved
  - market_segment_type
  - repeated_guest
  catalog_name: mlops_dev
  dataset_name: hotel_reservations
  num_features:
  - no_of_adults
  - no_of_children
  - no_of_weekend_nights
  - no_of_week_nights
  - lead_time
  - arrival_year
  - arrival_month
  - arrival_date
  - no_of_previous_cancellations
  - no_of_previous_bookings_not_canceled
  - avg_price_per_room
  - no_of_special_requests
  parameters:
    learning_date: 0.001
    max_depth: 3
    n_estimators: 1000
  schema_name: cpablosr
  target_feature: booking_status
__pydantic_extra__: null
__pydantic_fields_set__: !!set
  cat_features: null
  catalog_name: null
  dataset_name: null
  num_features: null
  parameters: null
  schema_name: null
  target_feature: null
__pydantic_private__: null

2025-05-11 19:27:12.047 | INFO     | __main__:<module>:8 - Data preprocessing took: Elapsed time: 0.1444 seconds
2025-05-11 19:27:13.759 | INFO     | __main__:<module>:2 - Training set shape: (29020, 18)
2025-05-11 19:27:13.759 | INFO     | __main__:<module>:3 - Test set shape: (7255, 18)
2025-05-11 19:27:17.318 | INFO     | __main__:<module>:2 - Saving data to catalog
2025-05-11 19:27:51.386 | INFO     | __main__:<module>:6 - Enable change data feed
